Determining if the pthread_create exist failed with the following output:
Change Dir: /home/truman/Dropbox/Courses/DS_CS166/project/code/cpp-btree-1.0.1/CMakeFiles/CMakeTmp

Run Build Command:/usr/bin/make "cmTryCompileExec2065605805/fast"
make[1]: Entering directory `/home/truman/Dropbox/Courses/DS_CS166/project/code/cpp-btree-1.0.1/CMakeFiles/CMakeTmp'
/usr/bin/make -f CMakeFiles/cmTryCompileExec2065605805.dir/build.make CMakeFiles/cmTryCompileExec2065605805.dir/build
make[2]: Entering directory `/home/truman/Dropbox/Courses/DS_CS166/project/code/cpp-btree-1.0.1/CMakeFiles/CMakeTmp'
/usr/bin/cmake -E cmake_progress_report /home/truman/Dropbox/Courses/DS_CS166/project/code/cpp-btree-1.0.1/CMakeFiles/CMakeTmp/CMakeFiles 1
Building C object CMakeFiles/cmTryCompileExec2065605805.dir/CheckSymbolExists.c.o
/usr/bin/cc    -o CMakeFiles/cmTryCompileExec2065605805.dir/CheckSymbolExists.c.o   -c /home/truman/Dropbox/Courses/DS_CS166/project/code/cpp-btree-1.0.1/CMakeFiles/CMakeTmp/CheckSymbolExists.c
Linking C executable cmTryCompileExec2065605805
/usr/bin/cmake -E cmake_link_script CMakeFiles/cmTryCompileExec2065605805.dir/link.txt --verbose=1
/usr/bin/cc       CMakeFiles/cmTryCompileExec2065605805.dir/CheckSymbolExists.c.o  -o cmTryCompileExec2065605805 -rdynamic 
CMakeFiles/cmTryCompileExec2065605805.dir/CheckSymbolExists.c.o: In function `main':
CheckSymbolExists.c:(.text+0x16): undefined reference to `pthread_create'
collect2: error: ld returned 1 exit status
make[2]: Leaving directory `/home/truman/Dropbox/Courses/DS_CS166/project/code/cpp-btree-1.0.1/CMakeFiles/CMakeTmp'
make[2]: *** [cmTryCompileExec2065605805] Error 1
make[1]: *** [cmTryCompileExec2065605805/fast] Error 2
make[1]: Leaving directory `/home/truman/Dropbox/Courses/DS_CS166/project/code/cpp-btree-1.0.1/CMakeFiles/CMakeTmp'

File /home/truman/Dropbox/Courses/DS_CS166/project/code/cpp-btree-1.0.1/CMakeFiles/CMakeTmp/CheckSymbolExists.c:
/* */
#include <pthread.h>

int main(int argc, char** argv)
{
  (void)argv;
#ifndef pthread_create
  return ((int*)(&pthread_create))[argc];
#else
  (void)argc;
  return 0;
#endif
}

Determining if the function pthread_create exists in the pthreads failed with the following output:
Change Dir: /home/truman/Dropbox/Courses/DS_CS166/project/code/cpp-btree-1.0.1/CMakeFiles/CMakeTmp

Run Build Command:/usr/bin/make "cmTryCompileExec426615193/fast"
make[1]: Entering directory `/home/truman/Dropbox/Courses/DS_CS166/project/code/cpp-btree-1.0.1/CMakeFiles/CMakeTmp'
/usr/bin/make -f CMakeFiles/cmTryCompileExec426615193.dir/build.make CMakeFiles/cmTryCompileExec426615193.dir/build
make[2]: Entering directory `/home/truman/Dropbox/Courses/DS_CS166/project/code/cpp-btree-1.0.1/CMakeFiles/CMakeTmp'
/usr/bin/cmake -E cmake_progress_report /home/truman/Dropbox/Courses/DS_CS166/project/code/cpp-btree-1.0.1/CMakeFiles/CMakeTmp/CMakeFiles 1
Building C object CMakeFiles/cmTryCompileExec426615193.dir/CheckFunctionExists.c.o
/usr/bin/cc   -DCHECK_FUNCTION_EXISTS=pthread_create   -o CMakeFiles/cmTryCompileExec426615193.dir/CheckFunctionExists.c.o   -c /usr/share/cmake-2.8/Modules/CheckFunctionExists.c
Linking C executable cmTryCompileExec426615193
/usr/bin/cmake -E cmake_link_script CMakeFiles/cmTryCompileExec426615193.dir/link.txt --verbose=1
/usr/bin/cc   -DCHECK_FUNCTION_EXISTS=pthread_create    CMakeFiles/cmTryCompileExec426615193.dir/CheckFunctionExists.c.o  -o cmTryCompileExec426615193 -rdynamic -lpthreads 
/usr/bin/ld: cannot find -lpthreads
collect2: error: ld returned 1 exit status
make[2]: *** [cmTryCompileExec426615193] Error 1
make[2]: Leaving directory `/home/truman/Dropbox/Courses/DS_CS166/project/code/cpp-btree-1.0.1/CMakeFiles/CMakeTmp'
make[1]: *** [cmTryCompileExec426615193/fast] Error 2
make[1]: Leaving directory `/home/truman/Dropbox/Courses/DS_CS166/project/code/cpp-btree-1.0.1/CMakeFiles/CMakeTmp'


