The system is: Linux - 3.13.0-86-generic - x86_64
Compiling the CXX compiler identification source file "CMakeCXXCompilerId.cpp" succeeded.
Compiler: /usr/bin/c++ 
Build flags: 
Id flags: 

The output was:
0


Compilation of the CXX compiler identification source "CMakeCXXCompilerId.cpp" produced "a.out"

The CXX compiler identification is GNU, found in "/home/truman/Dropbox/Courses/DS_CS166/project/code/cpp-btree-1.0.1/CMakeFiles/2.8.12.2/CompilerIdCXX/a.out"

Determining if the CXX compiler works passed with the following output:
Change Dir: /home/truman/Dropbox/Courses/DS_CS166/project/code/cpp-btree-1.0.1/CMakeFiles/CMakeTmp

Run Build Command:/usr/bin/make "cmTryCompileExec3033796034/fast"
/usr/bin/make -f CMakeFiles/cmTryCompileExec3033796034.dir/build.make CMakeFiles/cmTryCompileExec3033796034.dir/build
make[1]: Entering directory `/home/truman/Dropbox/Courses/DS_CS166/project/code/cpp-btree-1.0.1/CMakeFiles/CMakeTmp'
/usr/bin/cmake -E cmake_progress_report /home/truman/Dropbox/Courses/DS_CS166/project/code/cpp-btree-1.0.1/CMakeFiles/CMakeTmp/CMakeFiles 1
Building CXX object CMakeFiles/cmTryCompileExec3033796034.dir/testCXXCompiler.cxx.o
/usr/bin/c++     -o CMakeFiles/cmTryCompileExec3033796034.dir/testCXXCompiler.cxx.o -c /home/truman/Dropbox/Courses/DS_CS166/project/code/cpp-btree-1.0.1/CMakeFiles/CMakeTmp/testCXXCompiler.cxx
Linking CXX executable cmTryCompileExec3033796034
/usr/bin/cmake -E cmake_link_script CMakeFiles/cmTryCompileExec3033796034.dir/link.txt --verbose=1
/usr/bin/c++        CMakeFiles/cmTryCompileExec3033796034.dir/testCXXCompiler.cxx.o  -o cmTryCompileExec3033796034 -rdynamic 
make[1]: Leaving directory `/home/truman/Dropbox/Courses/DS_CS166/project/code/cpp-btree-1.0.1/CMakeFiles/CMakeTmp'


Detecting CXX compiler ABI info compiled with the following output:
Change Dir: /home/truman/Dropbox/Courses/DS_CS166/project/code/cpp-btree-1.0.1/CMakeFiles/CMakeTmp

Run Build Command:/usr/bin/make "cmTryCompileExec3656344198/fast"
/usr/bin/make -f CMakeFiles/cmTryCompileExec3656344198.dir/build.make CMakeFiles/cmTryCompileExec3656344198.dir/build
make[1]: Entering directory `/home/truman/Dropbox/Courses/DS_CS166/project/code/cpp-btree-1.0.1/CMakeFiles/CMakeTmp'
/usr/bin/cmake -E cmake_progress_report /home/truman/Dropbox/Courses/DS_CS166/project/code/cpp-btree-1.0.1/CMakeFiles/CMakeTmp/CMakeFiles 1
Building CXX object CMakeFiles/cmTryCompileExec3656344198.dir/CMakeCXXCompilerABI.cpp.o
/usr/bin/c++     -o CMakeFiles/cmTryCompileExec3656344198.dir/CMakeCXXCompilerABI.cpp.o -c /usr/share/cmake-2.8/Modules/CMakeCXXCompilerABI.cpp
Linking CXX executable cmTryCompileExec3656344198
/usr/bin/cmake -E cmake_link_script CMakeFiles/cmTryCompileExec3656344198.dir/link.txt --verbose=1
/usr/bin/c++      -v CMakeFiles/cmTryCompileExec3656344198.dir/CMakeCXXCompilerABI.cpp.o  -o cmTryCompileExec3656344198 -rdynamic  
Using built-in specs.
COLLECT_GCC=/usr/bin/c++
COLLECT_LTO_WRAPPER=/usr/lib/gcc/x86_64-linux-gnu/4.8/lto-wrapper
Target: x86_64-linux-gnu
Configured with: ../src/configure -v --with-pkgversion='Ubuntu 4.8.4-2ubuntu1~14.04.3' --with-bugurl=file:///usr/share/doc/gcc-4.8/README.Bugs --enable-languages=c,c++,java,go,d,fortran,objc,obj-c++ --prefix=/usr --program-suffix=-4.8 --enable-shared --enable-linker-build-id --libexecdir=/usr/lib --without-included-gettext --enable-threads=posix --with-gxx-include-dir=/usr/include/c++/4.8 --libdir=/usr/lib --enable-nls --with-sysroot=/ --enable-clocale=gnu --enable-libstdcxx-debug --enable-libstdcxx-time=yes --enable-gnu-unique-object --disable-libmudflap --enable-plugin --with-system-zlib --disable-browser-plugin --enable-java-awt=gtk --enable-gtk-cairo --with-java-home=/usr/lib/jvm/java-1.5.0-gcj-4.8-amd64/jre --enable-java-home --with-jvm-root-dir=/usr/lib/jvm/java-1.5.0-gcj-4.8-amd64 --with-jvm-jar-dir=/usr/lib/jvm-exports/java-1.5.0-gcj-4.8-amd64 --with-arch-directory=amd64 --with-ecj-jar=/usr/share/java/eclipse-ecj.jar --enable-objc-gc --enable-multiarch --disable-werror --with-arch-32=i686 --with-abi=m64 --with-multilib-list=m32,m64,mx32 --with-tune=generic --enable-checking=release --build=x86_64-linux-gnu --host=x86_64-linux-gnu --target=x86_64-linux-gnu
Thread model: posix
gcc version 4.8.4 (Ubuntu 4.8.4-2ubuntu1~14.04.3) 
COMPILER_PATH=/usr/lib/gcc/x86_64-linux-gnu/4.8/:/usr/lib/gcc/x86_64-linux-gnu/4.8/:/usr/lib/gcc/x86_64-linux-gnu/:/usr/lib/gcc/x86_64-linux-gnu/4.8/:/usr/lib/gcc/x86_64-linux-gnu/
LIBRARY_PATH=/usr/lib/gcc/x86_64-linux-gnu/4.8/:/usr/lib/gcc/x86_64-linux-gnu/4.8/../../../x86_64-linux-gnu/:/usr/lib/gcc/x86_64-linux-gnu/4.8/../../../../lib/:/lib/x86_64-linux-gnu/:/lib/../lib/:/usr/lib/x86_64-linux-gnu/:/usr/lib/../lib/:/usr/lib/gcc/x86_64-linux-gnu/4.8/../../../:/lib/:/usr/lib/
COLLECT_GCC_OPTIONS='-v' '-o' 'cmTryCompileExec3656344198' '-rdynamic' '-shared-libgcc' '-mtune=generic' '-march=x86-64'
 /usr/lib/gcc/x86_64-linux-gnu/4.8/collect2 --sysroot=/ --build-id --eh-frame-hdr -m elf_x86_64 --hash-style=gnu --as-needed -export-dynamic -dynamic-linker /lib64/ld-linux-x86-64.so.2 -z relro -o cmTryCompileExec3656344198 /usr/lib/gcc/x86_64-linux-gnu/4.8/../../../x86_64-linux-gnu/crt1.o /usr/lib/gcc/x86_64-linux-gnu/4.8/../../../x86_64-linux-gnu/crti.o /usr/lib/gcc/x86_64-linux-gnu/4.8/crtbegin.o -L/usr/lib/gcc/x86_64-linux-gnu/4.8 -L/usr/lib/gcc/x86_64-linux-gnu/4.8/../../../x86_64-linux-gnu -L/usr/lib/gcc/x86_64-linux-gnu/4.8/../../../../lib -L/lib/x86_64-linux-gnu -L/lib/../lib -L/usr/lib/x86_64-linux-gnu -L/usr/lib/../lib -L/usr/lib/gcc/x86_64-linux-gnu/4.8/../../.. CMakeFiles/cmTryCompileExec3656344198.dir/CMakeCXXCompilerABI.cpp.o -lstdc++ -lm -lgcc_s -lgcc -lc -lgcc_s -lgcc /usr/lib/gcc/x86_64-linux-gnu/4.8/crtend.o /usr/lib/gcc/x86_64-linux-gnu/4.8/../../../x86_64-linux-gnu/crtn.o
make[1]: Leaving directory `/home/truman/Dropbox/Courses/DS_CS166/project/code/cpp-btree-1.0.1/CMakeFiles/CMakeTmp'


Parsed CXX implicit link information from above output:
  link line regex: [^( *|.*[/\])(ld|([^/\]+-)?ld|collect2)[^/\]*( |$)]
  ignore line: [Change Dir: /home/truman/Dropbox/Courses/DS_CS166/project/code/cpp-btree-1.0.1/CMakeFiles/CMakeTmp]
  ignore line: []
  ignore line: [Run Build Command:/usr/bin/make "cmTryCompileExec3656344198/fast"]
  ignore line: [/usr/bin/make -f CMakeFiles/cmTryCompileExec3656344198.dir/build.make CMakeFiles/cmTryCompileExec3656344198.dir/build]
  ignore line: [make[1]: Entering directory `/home/truman/Dropbox/Courses/DS_CS166/project/code/cpp-btree-1.0.1/CMakeFiles/CMakeTmp']
  ignore line: [/usr/bin/cmake -E cmake_progress_report /home/truman/Dropbox/Courses/DS_CS166/project/code/cpp-btree-1.0.1/CMakeFiles/CMakeTmp/CMakeFiles 1]
  ignore line: [Building CXX object CMakeFiles/cmTryCompileExec3656344198.dir/CMakeCXXCompilerABI.cpp.o]
  ignore line: [/usr/bin/c++     -o CMakeFiles/cmTryCompileExec3656344198.dir/CMakeCXXCompilerABI.cpp.o -c /usr/share/cmake-2.8/Modules/CMakeCXXCompilerABI.cpp]
  ignore line: [Linking CXX executable cmTryCompileExec3656344198]
  ignore line: [/usr/bin/cmake -E cmake_link_script CMakeFiles/cmTryCompileExec3656344198.dir/link.txt --verbose=1]
  ignore line: [/usr/bin/c++      -v CMakeFiles/cmTryCompileExec3656344198.dir/CMakeCXXCompilerABI.cpp.o  -o cmTryCompileExec3656344198 -rdynamic  ]
  ignore line: [Using built-in specs.]
  ignore line: [COLLECT_GCC=/usr/bin/c++]
  ignore line: [COLLECT_LTO_WRAPPER=/usr/lib/gcc/x86_64-linux-gnu/4.8/lto-wrapper]
  ignore line: [Target: x86_64-linux-gnu]
  ignore line: [Configured with: ../src/configure -v --with-pkgversion='Ubuntu 4.8.4-2ubuntu1~14.04.3' --with-bugurl=file:///usr/share/doc/gcc-4.8/README.Bugs --enable-languages=c,c++,java,go,d,fortran,objc,obj-c++ --prefix=/usr --program-suffix=-4.8 --enable-shared --enable-linker-build-id --libexecdir=/usr/lib --without-included-gettext --enable-threads=posix --with-gxx-include-dir=/usr/include/c++/4.8 --libdir=/usr/lib --enable-nls --with-sysroot=/ --enable-clocale=gnu --enable-libstdcxx-debug --enable-libstdcxx-time=yes --enable-gnu-unique-object --disable-libmudflap --enable-plugin --with-system-zlib --disable-browser-plugin --enable-java-awt=gtk --enable-gtk-cairo --with-java-home=/usr/lib/jvm/java-1.5.0-gcj-4.8-amd64/jre --enable-java-home --with-jvm-root-dir=/usr/lib/jvm/java-1.5.0-gcj-4.8-amd64 --with-jvm-jar-dir=/usr/lib/jvm-exports/java-1.5.0-gcj-4.8-amd64 --with-arch-directory=amd64 --with-ecj-jar=/usr/share/java/eclipse-ecj.jar --enable-objc-gc --enable-multiarch --disable-werror --with-arch-32=i686 --with-abi=m64 --with-multilib-list=m32,m64,mx32 --with-tune=generic --enable-checking=release --build=x86_64-linux-gnu --host=x86_64-linux-gnu --target=x86_64-linux-gnu]
  ignore line: [Thread model: posix]
  ignore line: [gcc version 4.8.4 (Ubuntu 4.8.4-2ubuntu1~14.04.3) ]
  ignore line: [COMPILER_PATH=/usr/lib/gcc/x86_64-linux-gnu/4.8/:/usr/lib/gcc/x86_64-linux-gnu/4.8/:/usr/lib/gcc/x86_64-linux-gnu/:/usr/lib/gcc/x86_64-linux-gnu/4.8/:/usr/lib/gcc/x86_64-linux-gnu/]
  ignore line: [LIBRARY_PATH=/usr/lib/gcc/x86_64-linux-gnu/4.8/:/usr/lib/gcc/x86_64-linux-gnu/4.8/../../../x86_64-linux-gnu/:/usr/lib/gcc/x86_64-linux-gnu/4.8/../../../../lib/:/lib/x86_64-linux-gnu/:/lib/../lib/:/usr/lib/x86_64-linux-gnu/:/usr/lib/../lib/:/usr/lib/gcc/x86_64-linux-gnu/4.8/../../../:/lib/:/usr/lib/]
  ignore line: [COLLECT_GCC_OPTIONS='-v' '-o' 'cmTryCompileExec3656344198' '-rdynamic' '-shared-libgcc' '-mtune=generic' '-march=x86-64']
  link line: [ /usr/lib/gcc/x86_64-linux-gnu/4.8/collect2 --sysroot=/ --build-id --eh-frame-hdr -m elf_x86_64 --hash-style=gnu --as-needed -export-dynamic -dynamic-linker /lib64/ld-linux-x86-64.so.2 -z relro -o cmTryCompileExec3656344198 /usr/lib/gcc/x86_64-linux-gnu/4.8/../../../x86_64-linux-gnu/crt1.o /usr/lib/gcc/x86_64-linux-gnu/4.8/../../../x86_64-linux-gnu/crti.o /usr/lib/gcc/x86_64-linux-gnu/4.8/crtbegin.o -L/usr/lib/gcc/x86_64-linux-gnu/4.8 -L/usr/lib/gcc/x86_64-linux-gnu/4.8/../../../x86_64-linux-gnu -L/usr/lib/gcc/x86_64-linux-gnu/4.8/../../../../lib -L/lib/x86_64-linux-gnu -L/lib/../lib -L/usr/lib/x86_64-linux-gnu -L/usr/lib/../lib -L/usr/lib/gcc/x86_64-linux-gnu/4.8/../../.. CMakeFiles/cmTryCompileExec3656344198.dir/CMakeCXXCompilerABI.cpp.o -lstdc++ -lm -lgcc_s -lgcc -lc -lgcc_s -lgcc /usr/lib/gcc/x86_64-linux-gnu/4.8/crtend.o /usr/lib/gcc/x86_64-linux-gnu/4.8/../../../x86_64-linux-gnu/crtn.o]
    arg [/usr/lib/gcc/x86_64-linux-gnu/4.8/collect2] ==> ignore
    arg [--sysroot=/] ==> ignore
    arg [--build-id] ==> ignore
    arg [--eh-frame-hdr] ==> ignore
    arg [-m] ==> ignore
    arg [elf_x86_64] ==> ignore
    arg [--hash-style=gnu] ==> ignore
    arg [--as-needed] ==> ignore
    arg [-export-dynamic] ==> ignore
    arg [-dynamic-linker] ==> ignore
    arg [/lib64/ld-linux-x86-64.so.2] ==> ignore
    arg [-zrelro] ==> ignore
    arg [-o] ==> ignore
    arg [cmTryCompileExec3656344198] ==> ignore
    arg [/usr/lib/gcc/x86_64-linux-gnu/4.8/../../../x86_64-linux-gnu/crt1.o] ==> ignore
    arg [/usr/lib/gcc/x86_64-linux-gnu/4.8/../../../x86_64-linux-gnu/crti.o] ==> ignore
    arg [/usr/lib/gcc/x86_64-linux-gnu/4.8/crtbegin.o] ==> ignore
    arg [-L/usr/lib/gcc/x86_64-linux-gnu/4.8] ==> dir [/usr/lib/gcc/x86_64-linux-gnu/4.8]
    arg [-L/usr/lib/gcc/x86_64-linux-gnu/4.8/../../../x86_64-linux-gnu] ==> dir [/usr/lib/gcc/x86_64-linux-gnu/4.8/../../../x86_64-linux-gnu]
    arg [-L/usr/lib/gcc/x86_64-linux-gnu/4.8/../../../../lib] ==> dir [/usr/lib/gcc/x86_64-linux-gnu/4.8/../../../../lib]
    arg [-L/lib/x86_64-linux-gnu] ==> dir [/lib/x86_64-linux-gnu]
    arg [-L/lib/../lib] ==> dir [/lib/../lib]
    arg [-L/usr/lib/x86_64-linux-gnu] ==> dir [/usr/lib/x86_64-linux-gnu]
    arg [-L/usr/lib/../lib] ==> dir [/usr/lib/../lib]
    arg [-L/usr/lib/gcc/x86_64-linux-gnu/4.8/../../..] ==> dir [/usr/lib/gcc/x86_64-linux-gnu/4.8/../../..]
    arg [CMakeFiles/cmTryCompileExec3656344198.dir/CMakeCXXCompilerABI.cpp.o] ==> ignore
    arg [-lstdc++] ==> lib [stdc++]
    arg [-lm] ==> lib [m]
    arg [-lgcc_s] ==> lib [gcc_s]
    arg [-lgcc] ==> lib [gcc]
    arg [-lc] ==> lib [c]
    arg [-lgcc_s] ==> lib [gcc_s]
    arg [-lgcc] ==> lib [gcc]
    arg [/usr/lib/gcc/x86_64-linux-gnu/4.8/crtend.o] ==> ignore
    arg [/usr/lib/gcc/x86_64-linux-gnu/4.8/../../../x86_64-linux-gnu/crtn.o] ==> ignore
  remove lib [gcc_s]
  remove lib [gcc]
  remove lib [gcc_s]
  remove lib [gcc]
  collapse library dir [/usr/lib/gcc/x86_64-linux-gnu/4.8] ==> [/usr/lib/gcc/x86_64-linux-gnu/4.8]
  collapse library dir [/usr/lib/gcc/x86_64-linux-gnu/4.8/../../../x86_64-linux-gnu] ==> [/usr/lib/x86_64-linux-gnu]
  collapse library dir [/usr/lib/gcc/x86_64-linux-gnu/4.8/../../../../lib] ==> [/usr/lib]
  collapse library dir [/lib/x86_64-linux-gnu] ==> [/lib/x86_64-linux-gnu]
  collapse library dir [/lib/../lib] ==> [/lib]
  collapse library dir [/usr/lib/x86_64-linux-gnu] ==> [/usr/lib/x86_64-linux-gnu]
  collapse library dir [/usr/lib/../lib] ==> [/usr/lib]
  collapse library dir [/usr/lib/gcc/x86_64-linux-gnu/4.8/../../..] ==> [/usr/lib]
  implicit libs: [stdc++;m;c]
  implicit dirs: [/usr/lib/gcc/x86_64-linux-gnu/4.8;/usr/lib/x86_64-linux-gnu;/usr/lib;/lib/x86_64-linux-gnu;/lib]
  implicit fwks: []


Compiling the C compiler identification source file "CMakeCCompilerId.c" succeeded.
Compiler: /usr/bin/cc 
Build flags: 
Id flags: 

The output was:
0


Compilation of the C compiler identification source "CMakeCCompilerId.c" produced "a.out"

The C compiler identification is GNU, found in "/home/truman/Dropbox/Courses/DS_CS166/project/code/cpp-btree-1.0.1/CMakeFiles/2.8.12.2/CompilerIdC/a.out"

Determining if the C compiler works passed with the following output:
Change Dir: /home/truman/Dropbox/Courses/DS_CS166/project/code/cpp-btree-1.0.1/CMakeFiles/CMakeTmp

Run Build Command:/usr/bin/make "cmTryCompileExec1725834290/fast"
make[1]: Entering directory `/home/truman/Dropbox/Courses/DS_CS166/project/code/cpp-btree-1.0.1/CMakeFiles/CMakeTmp'
/usr/bin/make -f CMakeFiles/cmTryCompileExec1725834290.dir/build.make CMakeFiles/cmTryCompileExec1725834290.dir/build
make[2]: Entering directory `/home/truman/Dropbox/Courses/DS_CS166/project/code/cpp-btree-1.0.1/CMakeFiles/CMakeTmp'
/usr/bin/cmake -E cmake_progress_report /home/truman/Dropbox/Courses/DS_CS166/project/code/cpp-btree-1.0.1/CMakeFiles/CMakeTmp/CMakeFiles 1
Building C object CMakeFiles/cmTryCompileExec1725834290.dir/testCCompiler.c.o
/usr/bin/cc    -o CMakeFiles/cmTryCompileExec1725834290.dir/testCCompiler.c.o   -c /home/truman/Dropbox/Courses/DS_CS166/project/code/cpp-btree-1.0.1/CMakeFiles/CMakeTmp/testCCompiler.c
Linking C executable cmTryCompileExec1725834290
/usr/bin/cmake -E cmake_link_script CMakeFiles/cmTryCompileExec1725834290.dir/link.txt --verbose=1
/usr/bin/cc       CMakeFiles/cmTryCompileExec1725834290.dir/testCCompiler.c.o  -o cmTryCompileExec1725834290 -rdynamic 
make[2]: Leaving directory `/home/truman/Dropbox/Courses/DS_CS166/project/code/cpp-btree-1.0.1/CMakeFiles/CMakeTmp'
make[1]: Leaving directory `/home/truman/Dropbox/Courses/DS_CS166/project/code/cpp-btree-1.0.1/CMakeFiles/CMakeTmp'


Detecting C compiler ABI info compiled with the following output:
Change Dir: /home/truman/Dropbox/Courses/DS_CS166/project/code/cpp-btree-1.0.1/CMakeFiles/CMakeTmp

Run Build Command:/usr/bin/make "cmTryCompileExec4073238875/fast"
make[1]: Entering directory `/home/truman/Dropbox/Courses/DS_CS166/project/code/cpp-btree-1.0.1/CMakeFiles/CMakeTmp'
/usr/bin/make -f CMakeFiles/cmTryCompileExec4073238875.dir/build.make CMakeFiles/cmTryCompileExec4073238875.dir/build
make[2]: Entering directory `/home/truman/Dropbox/Courses/DS_CS166/project/code/cpp-btree-1.0.1/CMakeFiles/CMakeTmp'
/usr/bin/cmake -E cmake_progress_report /home/truman/Dropbox/Courses/DS_CS166/project/code/cpp-btree-1.0.1/CMakeFiles/CMakeTmp/CMakeFiles 1
Building C object CMakeFiles/cmTryCompileExec4073238875.dir/CMakeCCompilerABI.c.o
/usr/bin/cc    -o CMakeFiles/cmTryCompileExec4073238875.dir/CMakeCCompilerABI.c.o   -c /usr/share/cmake-2.8/Modules/CMakeCCompilerABI.c
Linking C executable cmTryCompileExec4073238875
/usr/bin/cmake -E cmake_link_script CMakeFiles/cmTryCompileExec4073238875.dir/link.txt --verbose=1
/usr/bin/cc     -v CMakeFiles/cmTryCompileExec4073238875.dir/CMakeCCompilerABI.c.o  -o cmTryCompileExec4073238875 -rdynamic  
Using built-in specs.
COLLECT_GCC=/usr/bin/cc
COLLECT_LTO_WRAPPER=/usr/lib/gcc/x86_64-linux-gnu/4.8/lto-wrapper
Target: x86_64-linux-gnu
Configured with: ../src/configure -v --with-pkgversion='Ubuntu 4.8.4-2ubuntu1~14.04.3' --with-bugurl=file:///usr/share/doc/gcc-4.8/README.Bugs --enable-languages=c,c++,java,go,d,fortran,objc,obj-c++ --prefix=/usr --program-suffix=-4.8 --enable-shared --enable-linker-build-id --libexecdir=/usr/lib --without-included-gettext --enable-threads=posix --with-gxx-include-dir=/usr/include/c++/4.8 --libdir=/usr/lib --enable-nls --with-sysroot=/ --enable-clocale=gnu --enable-libstdcxx-debug --enable-libstdcxx-time=yes --enable-gnu-unique-object --disable-libmudflap --enable-plugin --with-system-zlib --disable-browser-plugin --enable-java-awt=gtk --enable-gtk-cairo --with-java-home=/usr/lib/jvm/java-1.5.0-gcj-4.8-amd64/jre --enable-java-home --with-jvm-root-dir=/usr/lib/jvm/java-1.5.0-gcj-4.8-amd64 --with-jvm-jar-dir=/usr/lib/jvm-exports/java-1.5.0-gcj-4.8-amd64 --with-arch-directory=amd64 --with-ecj-jar=/usr/share/java/eclipse-ecj.jar --enable-objc-gc --enable-multiarch --disable-werror --with-arch-32=i686 --with-abi=m64 --with-multilib-list=m32,m64,mx32 --with-tune=generic --enable-checking=release --build=x86_64-linux-gnu --host=x86_64-linux-gnu --target=x86_64-linux-gnu
Thread model: posix
gcc version 4.8.4 (Ubuntu 4.8.4-2ubuntu1~14.04.3) 
COMPILER_PATH=/usr/lib/gcc/x86_64-linux-gnu/4.8/:/usr/lib/gcc/x86_64-linux-gnu/4.8/:/usr/lib/gcc/x86_64-linux-gnu/:/usr/lib/gcc/x86_64-linux-gnu/4.8/:/usr/lib/gcc/x86_64-linux-gnu/
LIBRARY_PATH=/usr/lib/gcc/x86_64-linux-gnu/4.8/:/usr/lib/gcc/x86_64-linux-gnu/4.8/../../../x86_64-linux-gnu/:/usr/lib/gcc/x86_64-linux-gnu/4.8/../../../../lib/:/lib/x86_64-linux-gnu/:/lib/../lib/:/usr/lib/x86_64-linux-gnu/:/usr/lib/../lib/:/usr/lib/gcc/x86_64-linux-gnu/4.8/../../../:/lib/:/usr/lib/
COLLECT_GCC_OPTIONS='-v' '-o' 'cmTryCompileExec4073238875' '-rdynamic' '-mtune=generic' '-march=x86-64'
 /usr/lib/gcc/x86_64-linux-gnu/4.8/collect2 --sysroot=/ --build-id --eh-frame-hdr -m elf_x86_64 --hash-style=gnu --as-needed -export-dynamic -dynamic-linker /lib64/ld-linux-x86-64.so.2 -z relro -o cmTryCompileExec4073238875 /usr/lib/gcc/x86_64-linux-gnu/4.8/../../../x86_64-linux-gnu/crt1.o /usr/lib/gcc/x86_64-linux-gnu/4.8/../../../x86_64-linux-gnu/crti.o /usr/lib/gcc/x86_64-linux-gnu/4.8/crtbegin.o -L/usr/lib/gcc/x86_64-linux-gnu/4.8 -L/usr/lib/gcc/x86_64-linux-gnu/4.8/../../../x86_64-linux-gnu -L/usr/lib/gcc/x86_64-linux-gnu/4.8/../../../../lib -L/lib/x86_64-linux-gnu -L/lib/../lib -L/usr/lib/x86_64-linux-gnu -L/usr/lib/../lib -L/usr/lib/gcc/x86_64-linux-gnu/4.8/../../.. CMakeFiles/cmTryCompileExec4073238875.dir/CMakeCCompilerABI.c.o -lgcc --as-needed -lgcc_s --no-as-needed -lc -lgcc --as-needed -lgcc_s --no-as-needed /usr/lib/gcc/x86_64-linux-gnu/4.8/crtend.o /usr/lib/gcc/x86_64-linux-gnu/4.8/../../../x86_64-linux-gnu/crtn.o
make[2]: Leaving directory `/home/truman/Dropbox/Courses/DS_CS166/project/code/cpp-btree-1.0.1/CMakeFiles/CMakeTmp'
make[1]: Leaving directory `/home/truman/Dropbox/Courses/DS_CS166/project/code/cpp-btree-1.0.1/CMakeFiles/CMakeTmp'


Parsed C implicit link information from above output:
  link line regex: [^( *|.*[/\])(ld|([^/\]+-)?ld|collect2)[^/\]*( |$)]
  ignore line: [Change Dir: /home/truman/Dropbox/Courses/DS_CS166/project/code/cpp-btree-1.0.1/CMakeFiles/CMakeTmp]
  ignore line: []
  ignore line: [Run Build Command:/usr/bin/make "cmTryCompileExec4073238875/fast"]
  ignore line: [make[1]: Entering directory `/home/truman/Dropbox/Courses/DS_CS166/project/code/cpp-btree-1.0.1/CMakeFiles/CMakeTmp']
  ignore line: [/usr/bin/make -f CMakeFiles/cmTryCompileExec4073238875.dir/build.make CMakeFiles/cmTryCompileExec4073238875.dir/build]
  ignore line: [make[2]: Entering directory `/home/truman/Dropbox/Courses/DS_CS166/project/code/cpp-btree-1.0.1/CMakeFiles/CMakeTmp']
  ignore line: [/usr/bin/cmake -E cmake_progress_report /home/truman/Dropbox/Courses/DS_CS166/project/code/cpp-btree-1.0.1/CMakeFiles/CMakeTmp/CMakeFiles 1]
  ignore line: [Building C object CMakeFiles/cmTryCompileExec4073238875.dir/CMakeCCompilerABI.c.o]
  ignore line: [/usr/bin/cc    -o CMakeFiles/cmTryCompileExec4073238875.dir/CMakeCCompilerABI.c.o   -c /usr/share/cmake-2.8/Modules/CMakeCCompilerABI.c]
  ignore line: [Linking C executable cmTryCompileExec4073238875]
  ignore line: [/usr/bin/cmake -E cmake_link_script CMakeFiles/cmTryCompileExec4073238875.dir/link.txt --verbose=1]
  ignore line: [/usr/bin/cc     -v CMakeFiles/cmTryCompileExec4073238875.dir/CMakeCCompilerABI.c.o  -o cmTryCompileExec4073238875 -rdynamic  ]
  ignore line: [Using built-in specs.]
  ignore line: [COLLECT_GCC=/usr/bin/cc]
  ignore line: [COLLECT_LTO_WRAPPER=/usr/lib/gcc/x86_64-linux-gnu/4.8/lto-wrapper]
  ignore line: [Target: x86_64-linux-gnu]
  ignore line: [Configured with: ../src/configure -v --with-pkgversion='Ubuntu 4.8.4-2ubuntu1~14.04.3' --with-bugurl=file:///usr/share/doc/gcc-4.8/README.Bugs --enable-languages=c,c++,java,go,d,fortran,objc,obj-c++ --prefix=/usr --program-suffix=-4.8 --enable-shared --enable-linker-build-id --libexecdir=/usr/lib --without-included-gettext --enable-threads=posix --with-gxx-include-dir=/usr/include/c++/4.8 --libdir=/usr/lib --enable-nls --with-sysroot=/ --enable-clocale=gnu --enable-libstdcxx-debug --enable-libstdcxx-time=yes --enable-gnu-unique-object --disable-libmudflap --enable-plugin --with-system-zlib --disable-browser-plugin --enable-java-awt=gtk --enable-gtk-cairo --with-java-home=/usr/lib/jvm/java-1.5.0-gcj-4.8-amd64/jre --enable-java-home --with-jvm-root-dir=/usr/lib/jvm/java-1.5.0-gcj-4.8-amd64 --with-jvm-jar-dir=/usr/lib/jvm-exports/java-1.5.0-gcj-4.8-amd64 --with-arch-directory=amd64 --with-ecj-jar=/usr/share/java/eclipse-ecj.jar --enable-objc-gc --enable-multiarch --disable-werror --with-arch-32=i686 --with-abi=m64 --with-multilib-list=m32,m64,mx32 --with-tune=generic --enable-checking=release --build=x86_64-linux-gnu --host=x86_64-linux-gnu --target=x86_64-linux-gnu]
  ignore line: [Thread model: posix]
  ignore line: [gcc version 4.8.4 (Ubuntu 4.8.4-2ubuntu1~14.04.3) ]
  ignore line: [COMPILER_PATH=/usr/lib/gcc/x86_64-linux-gnu/4.8/:/usr/lib/gcc/x86_64-linux-gnu/4.8/:/usr/lib/gcc/x86_64-linux-gnu/:/usr/lib/gcc/x86_64-linux-gnu/4.8/:/usr/lib/gcc/x86_64-linux-gnu/]
  ignore line: [LIBRARY_PATH=/usr/lib/gcc/x86_64-linux-gnu/4.8/:/usr/lib/gcc/x86_64-linux-gnu/4.8/../../../x86_64-linux-gnu/:/usr/lib/gcc/x86_64-linux-gnu/4.8/../../../../lib/:/lib/x86_64-linux-gnu/:/lib/../lib/:/usr/lib/x86_64-linux-gnu/:/usr/lib/../lib/:/usr/lib/gcc/x86_64-linux-gnu/4.8/../../../:/lib/:/usr/lib/]
  ignore line: [COLLECT_GCC_OPTIONS='-v' '-o' 'cmTryCompileExec4073238875' '-rdynamic' '-mtune=generic' '-march=x86-64']
  link line: [ /usr/lib/gcc/x86_64-linux-gnu/4.8/collect2 --sysroot=/ --build-id --eh-frame-hdr -m elf_x86_64 --hash-style=gnu --as-needed -export-dynamic -dynamic-linker /lib64/ld-linux-x86-64.so.2 -z relro -o cmTryCompileExec4073238875 /usr/lib/gcc/x86_64-linux-gnu/4.8/../../../x86_64-linux-gnu/crt1.o /usr/lib/gcc/x86_64-linux-gnu/4.8/../../../x86_64-linux-gnu/crti.o /usr/lib/gcc/x86_64-linux-gnu/4.8/crtbegin.o -L/usr/lib/gcc/x86_64-linux-gnu/4.8 -L/usr/lib/gcc/x86_64-linux-gnu/4.8/../../../x86_64-linux-gnu -L/usr/lib/gcc/x86_64-linux-gnu/4.8/../../../../lib -L/lib/x86_64-linux-gnu -L/lib/../lib -L/usr/lib/x86_64-linux-gnu -L/usr/lib/../lib -L/usr/lib/gcc/x86_64-linux-gnu/4.8/../../.. CMakeFiles/cmTryCompileExec4073238875.dir/CMakeCCompilerABI.c.o -lgcc --as-needed -lgcc_s --no-as-needed -lc -lgcc --as-needed -lgcc_s --no-as-needed /usr/lib/gcc/x86_64-linux-gnu/4.8/crtend.o /usr/lib/gcc/x86_64-linux-gnu/4.8/../../../x86_64-linux-gnu/crtn.o]
    arg [/usr/lib/gcc/x86_64-linux-gnu/4.8/collect2] ==> ignore
    arg [--sysroot=/] ==> ignore
    arg [--build-id] ==> ignore
    arg [--eh-frame-hdr] ==> ignore
    arg [-m] ==> ignore
    arg [elf_x86_64] ==> ignore
    arg [--hash-style=gnu] ==> ignore
    arg [--as-needed] ==> ignore
    arg [-export-dynamic] ==> ignore
    arg [-dynamic-linker] ==> ignore
    arg [/lib64/ld-linux-x86-64.so.2] ==> ignore
    arg [-zrelro] ==> ignore
    arg [-o] ==> ignore
    arg [cmTryCompileExec4073238875] ==> ignore
    arg [/usr/lib/gcc/x86_64-linux-gnu/4.8/../../../x86_64-linux-gnu/crt1.o] ==> ignore
    arg [/usr/lib/gcc/x86_64-linux-gnu/4.8/../../../x86_64-linux-gnu/crti.o] ==> ignore
    arg [/usr/lib/gcc/x86_64-linux-gnu/4.8/crtbegin.o] ==> ignore
    arg [-L/usr/lib/gcc/x86_64-linux-gnu/4.8] ==> dir [/usr/lib/gcc/x86_64-linux-gnu/4.8]
    arg [-L/usr/lib/gcc/x86_64-linux-gnu/4.8/../../../x86_64-linux-gnu] ==> dir [/usr/lib/gcc/x86_64-linux-gnu/4.8/../../../x86_64-linux-gnu]
    arg [-L/usr/lib/gcc/x86_64-linux-gnu/4.8/../../../../lib] ==> dir [/usr/lib/gcc/x86_64-linux-gnu/4.8/../../../../lib]
    arg [-L/lib/x86_64-linux-gnu] ==> dir [/lib/x86_64-linux-gnu]
    arg [-L/lib/../lib] ==> dir [/lib/../lib]
    arg [-L/usr/lib/x86_64-linux-gnu] ==> dir [/usr/lib/x86_64-linux-gnu]
    arg [-L/usr/lib/../lib] ==> dir [/usr/lib/../lib]
    arg [-L/usr/lib/gcc/x86_64-linux-gnu/4.8/../../..] ==> dir [/usr/lib/gcc/x86_64-linux-gnu/4.8/../../..]
    arg [CMakeFiles/cmTryCompileExec4073238875.dir/CMakeCCompilerABI.c.o] ==> ignore
    arg [-lgcc] ==> lib [gcc]
    arg [--as-needed] ==> ignore
    arg [-lgcc_s] ==> lib [gcc_s]
    arg [--no-as-needed] ==> ignore
    arg [-lc] ==> lib [c]
    arg [-lgcc] ==> lib [gcc]
    arg [--as-needed] ==> ignore
    arg [-lgcc_s] ==> lib [gcc_s]
    arg [--no-as-needed] ==> ignore
    arg [/usr/lib/gcc/x86_64-linux-gnu/4.8/crtend.o] ==> ignore
    arg [/usr/lib/gcc/x86_64-linux-gnu/4.8/../../../x86_64-linux-gnu/crtn.o] ==> ignore
  remove lib [gcc]
  remove lib [gcc_s]
  remove lib [gcc]
  remove lib [gcc_s]
  collapse library dir [/usr/lib/gcc/x86_64-linux-gnu/4.8] ==> [/usr/lib/gcc/x86_64-linux-gnu/4.8]
  collapse library dir [/usr/lib/gcc/x86_64-linux-gnu/4.8/../../../x86_64-linux-gnu] ==> [/usr/lib/x86_64-linux-gnu]
  collapse library dir [/usr/lib/gcc/x86_64-linux-gnu/4.8/../../../../lib] ==> [/usr/lib]
  collapse library dir [/lib/x86_64-linux-gnu] ==> [/lib/x86_64-linux-gnu]
  collapse library dir [/lib/../lib] ==> [/lib]
  collapse library dir [/usr/lib/x86_64-linux-gnu] ==> [/usr/lib/x86_64-linux-gnu]
  collapse library dir [/usr/lib/../lib] ==> [/usr/lib]
  collapse library dir [/usr/lib/gcc/x86_64-linux-gnu/4.8/../../..] ==> [/usr/lib]
  implicit libs: [c]
  implicit dirs: [/usr/lib/gcc/x86_64-linux-gnu/4.8;/usr/lib/x86_64-linux-gnu;/usr/lib;/lib/x86_64-linux-gnu;/lib]
  implicit fwks: []


Determining if the include file unistd.h exists passed with the following output:
Change Dir: /home/truman/Dropbox/Courses/DS_CS166/project/code/cpp-btree-1.0.1/CMakeFiles/CMakeTmp

Run Build Command:/usr/bin/make "cmTryCompileExec1305033783/fast"
make[1]: Entering directory `/home/truman/Dropbox/Courses/DS_CS166/project/code/cpp-btree-1.0.1/CMakeFiles/CMakeTmp'
/usr/bin/make -f CMakeFiles/cmTryCompileExec1305033783.dir/build.make CMakeFiles/cmTryCompileExec1305033783.dir/build
make[2]: Entering directory `/home/truman/Dropbox/Courses/DS_CS166/project/code/cpp-btree-1.0.1/CMakeFiles/CMakeTmp'
/usr/bin/cmake -E cmake_progress_report /home/truman/Dropbox/Courses/DS_CS166/project/code/cpp-btree-1.0.1/CMakeFiles/CMakeTmp/CMakeFiles 1
Building CXX object CMakeFiles/cmTryCompileExec1305033783.dir/CheckIncludeFile.cxx.o
/usr/bin/c++    -g -O2    -o CMakeFiles/cmTryCompileExec1305033783.dir/CheckIncludeFile.cxx.o -c /home/truman/Dropbox/Courses/DS_CS166/project/code/cpp-btree-1.0.1/CMakeFiles/CMakeTmp/CheckIncludeFile.cxx
Linking CXX executable cmTryCompileExec1305033783
/usr/bin/cmake -E cmake_link_script CMakeFiles/cmTryCompileExec1305033783.dir/link.txt --verbose=1
/usr/bin/c++   -g -O2     CMakeFiles/cmTryCompileExec1305033783.dir/CheckIncludeFile.cxx.o  -o cmTryCompileExec1305033783 -rdynamic 
make[2]: Leaving directory `/home/truman/Dropbox/Courses/DS_CS166/project/code/cpp-btree-1.0.1/CMakeFiles/CMakeTmp'
make[1]: Leaving directory `/home/truman/Dropbox/Courses/DS_CS166/project/code/cpp-btree-1.0.1/CMakeFiles/CMakeTmp'


Determining if the include file stdint.h exists passed with the following output:
Change Dir: /home/truman/Dropbox/Courses/DS_CS166/project/code/cpp-btree-1.0.1/CMakeFiles/CMakeTmp

Run Build Command:/usr/bin/make "cmTryCompileExec2502571114/fast"
make[1]: Entering directory `/home/truman/Dropbox/Courses/DS_CS166/project/code/cpp-btree-1.0.1/CMakeFiles/CMakeTmp'
/usr/bin/make -f CMakeFiles/cmTryCompileExec2502571114.dir/build.make CMakeFiles/cmTryCompileExec2502571114.dir/build
make[2]: Entering directory `/home/truman/Dropbox/Courses/DS_CS166/project/code/cpp-btree-1.0.1/CMakeFiles/CMakeTmp'
/usr/bin/cmake -E cmake_progress_report /home/truman/Dropbox/Courses/DS_CS166/project/code/cpp-btree-1.0.1/CMakeFiles/CMakeTmp/CMakeFiles 1
Building CXX object CMakeFiles/cmTryCompileExec2502571114.dir/CheckIncludeFile.cxx.o
/usr/bin/c++    -g -O2    -o CMakeFiles/cmTryCompileExec2502571114.dir/CheckIncludeFile.cxx.o -c /home/truman/Dropbox/Courses/DS_CS166/project/code/cpp-btree-1.0.1/CMakeFiles/CMakeTmp/CheckIncludeFile.cxx
Linking CXX executable cmTryCompileExec2502571114
/usr/bin/cmake -E cmake_link_script CMakeFiles/cmTryCompileExec2502571114.dir/link.txt --verbose=1
/usr/bin/c++   -g -O2     CMakeFiles/cmTryCompileExec2502571114.dir/CheckIncludeFile.cxx.o  -o cmTryCompileExec2502571114 -rdynamic 
make[2]: Leaving directory `/home/truman/Dropbox/Courses/DS_CS166/project/code/cpp-btree-1.0.1/CMakeFiles/CMakeTmp'
make[1]: Leaving directory `/home/truman/Dropbox/Courses/DS_CS166/project/code/cpp-btree-1.0.1/CMakeFiles/CMakeTmp'


Determining if the include file inttypes.h exists passed with the following output:
Change Dir: /home/truman/Dropbox/Courses/DS_CS166/project/code/cpp-btree-1.0.1/CMakeFiles/CMakeTmp

Run Build Command:/usr/bin/make "cmTryCompileExec987864281/fast"
make[1]: Entering directory `/home/truman/Dropbox/Courses/DS_CS166/project/code/cpp-btree-1.0.1/CMakeFiles/CMakeTmp'
/usr/bin/make -f CMakeFiles/cmTryCompileExec987864281.dir/build.make CMakeFiles/cmTryCompileExec987864281.dir/build
make[2]: Entering directory `/home/truman/Dropbox/Courses/DS_CS166/project/code/cpp-btree-1.0.1/CMakeFiles/CMakeTmp'
/usr/bin/cmake -E cmake_progress_report /home/truman/Dropbox/Courses/DS_CS166/project/code/cpp-btree-1.0.1/CMakeFiles/CMakeTmp/CMakeFiles 1
Building CXX object CMakeFiles/cmTryCompileExec987864281.dir/CheckIncludeFile.cxx.o
/usr/bin/c++    -g -O2    -o CMakeFiles/cmTryCompileExec987864281.dir/CheckIncludeFile.cxx.o -c /home/truman/Dropbox/Courses/DS_CS166/project/code/cpp-btree-1.0.1/CMakeFiles/CMakeTmp/CheckIncludeFile.cxx
Linking CXX executable cmTryCompileExec987864281
/usr/bin/cmake -E cmake_link_script CMakeFiles/cmTryCompileExec987864281.dir/link.txt --verbose=1
/usr/bin/c++   -g -O2     CMakeFiles/cmTryCompileExec987864281.dir/CheckIncludeFile.cxx.o  -o cmTryCompileExec987864281 -rdynamic 
make[2]: Leaving directory `/home/truman/Dropbox/Courses/DS_CS166/project/code/cpp-btree-1.0.1/CMakeFiles/CMakeTmp'
make[1]: Leaving directory `/home/truman/Dropbox/Courses/DS_CS166/project/code/cpp-btree-1.0.1/CMakeFiles/CMakeTmp'


Determining if the include file sys/types.h exists passed with the following output:
Change Dir: /home/truman/Dropbox/Courses/DS_CS166/project/code/cpp-btree-1.0.1/CMakeFiles/CMakeTmp

Run Build Command:/usr/bin/make "cmTryCompileExec3287170700/fast"
make[1]: Entering directory `/home/truman/Dropbox/Courses/DS_CS166/project/code/cpp-btree-1.0.1/CMakeFiles/CMakeTmp'
/usr/bin/make -f CMakeFiles/cmTryCompileExec3287170700.dir/build.make CMakeFiles/cmTryCompileExec3287170700.dir/build
make[2]: Entering directory `/home/truman/Dropbox/Courses/DS_CS166/project/code/cpp-btree-1.0.1/CMakeFiles/CMakeTmp'
/usr/bin/cmake -E cmake_progress_report /home/truman/Dropbox/Courses/DS_CS166/project/code/cpp-btree-1.0.1/CMakeFiles/CMakeTmp/CMakeFiles 1
Building CXX object CMakeFiles/cmTryCompileExec3287170700.dir/CheckIncludeFile.cxx.o
/usr/bin/c++    -g -O2    -o CMakeFiles/cmTryCompileExec3287170700.dir/CheckIncludeFile.cxx.o -c /home/truman/Dropbox/Courses/DS_CS166/project/code/cpp-btree-1.0.1/CMakeFiles/CMakeTmp/CheckIncludeFile.cxx
Linking CXX executable cmTryCompileExec3287170700
/usr/bin/cmake -E cmake_link_script CMakeFiles/cmTryCompileExec3287170700.dir/link.txt --verbose=1
/usr/bin/c++   -g -O2     CMakeFiles/cmTryCompileExec3287170700.dir/CheckIncludeFile.cxx.o  -o cmTryCompileExec3287170700 -rdynamic 
make[2]: Leaving directory `/home/truman/Dropbox/Courses/DS_CS166/project/code/cpp-btree-1.0.1/CMakeFiles/CMakeTmp'
make[1]: Leaving directory `/home/truman/Dropbox/Courses/DS_CS166/project/code/cpp-btree-1.0.1/CMakeFiles/CMakeTmp'


Determining if the include file sys/stat.h exists passed with the following output:
Change Dir: /home/truman/Dropbox/Courses/DS_CS166/project/code/cpp-btree-1.0.1/CMakeFiles/CMakeTmp

Run Build Command:/usr/bin/make "cmTryCompileExec2798033889/fast"
make[1]: Entering directory `/home/truman/Dropbox/Courses/DS_CS166/project/code/cpp-btree-1.0.1/CMakeFiles/CMakeTmp'
/usr/bin/make -f CMakeFiles/cmTryCompileExec2798033889.dir/build.make CMakeFiles/cmTryCompileExec2798033889.dir/build
make[2]: Entering directory `/home/truman/Dropbox/Courses/DS_CS166/project/code/cpp-btree-1.0.1/CMakeFiles/CMakeTmp'
/usr/bin/cmake -E cmake_progress_report /home/truman/Dropbox/Courses/DS_CS166/project/code/cpp-btree-1.0.1/CMakeFiles/CMakeTmp/CMakeFiles 1
Building CXX object CMakeFiles/cmTryCompileExec2798033889.dir/CheckIncludeFile.cxx.o
/usr/bin/c++    -g -O2    -o CMakeFiles/cmTryCompileExec2798033889.dir/CheckIncludeFile.cxx.o -c /home/truman/Dropbox/Courses/DS_CS166/project/code/cpp-btree-1.0.1/CMakeFiles/CMakeTmp/CheckIncludeFile.cxx
Linking CXX executable cmTryCompileExec2798033889
/usr/bin/cmake -E cmake_link_script CMakeFiles/cmTryCompileExec2798033889.dir/link.txt --verbose=1
/usr/bin/c++   -g -O2     CMakeFiles/cmTryCompileExec2798033889.dir/CheckIncludeFile.cxx.o  -o cmTryCompileExec2798033889 -rdynamic 
make[2]: Leaving directory `/home/truman/Dropbox/Courses/DS_CS166/project/code/cpp-btree-1.0.1/CMakeFiles/CMakeTmp'
make[1]: Leaving directory `/home/truman/Dropbox/Courses/DS_CS166/project/code/cpp-btree-1.0.1/CMakeFiles/CMakeTmp'


Determining if the include file fnmatch.h exists passed with the following output:
Change Dir: /home/truman/Dropbox/Courses/DS_CS166/project/code/cpp-btree-1.0.1/CMakeFiles/CMakeTmp

Run Build Command:/usr/bin/make "cmTryCompileExec2680117877/fast"
make[1]: Entering directory `/home/truman/Dropbox/Courses/DS_CS166/project/code/cpp-btree-1.0.1/CMakeFiles/CMakeTmp'
/usr/bin/make -f CMakeFiles/cmTryCompileExec2680117877.dir/build.make CMakeFiles/cmTryCompileExec2680117877.dir/build
make[2]: Entering directory `/home/truman/Dropbox/Courses/DS_CS166/project/code/cpp-btree-1.0.1/CMakeFiles/CMakeTmp'
/usr/bin/cmake -E cmake_progress_report /home/truman/Dropbox/Courses/DS_CS166/project/code/cpp-btree-1.0.1/CMakeFiles/CMakeTmp/CMakeFiles 1
Building CXX object CMakeFiles/cmTryCompileExec2680117877.dir/CheckIncludeFile.cxx.o
/usr/bin/c++    -g -O2    -o CMakeFiles/cmTryCompileExec2680117877.dir/CheckIncludeFile.cxx.o -c /home/truman/Dropbox/Courses/DS_CS166/project/code/cpp-btree-1.0.1/CMakeFiles/CMakeTmp/CheckIncludeFile.cxx
Linking CXX executable cmTryCompileExec2680117877
/usr/bin/cmake -E cmake_link_script CMakeFiles/cmTryCompileExec2680117877.dir/link.txt --verbose=1
/usr/bin/c++   -g -O2     CMakeFiles/cmTryCompileExec2680117877.dir/CheckIncludeFile.cxx.o  -o cmTryCompileExec2680117877 -rdynamic 
make[2]: Leaving directory `/home/truman/Dropbox/Courses/DS_CS166/project/code/cpp-btree-1.0.1/CMakeFiles/CMakeTmp'
make[1]: Leaving directory `/home/truman/Dropbox/Courses/DS_CS166/project/code/cpp-btree-1.0.1/CMakeFiles/CMakeTmp'


Determining if the include file stddef.h exists passed with the following output:
Change Dir: /home/truman/Dropbox/Courses/DS_CS166/project/code/cpp-btree-1.0.1/CMakeFiles/CMakeTmp

Run Build Command:/usr/bin/make "cmTryCompileExec271003150/fast"
make[1]: Entering directory `/home/truman/Dropbox/Courses/DS_CS166/project/code/cpp-btree-1.0.1/CMakeFiles/CMakeTmp'
/usr/bin/make -f CMakeFiles/cmTryCompileExec271003150.dir/build.make CMakeFiles/cmTryCompileExec271003150.dir/build
make[2]: Entering directory `/home/truman/Dropbox/Courses/DS_CS166/project/code/cpp-btree-1.0.1/CMakeFiles/CMakeTmp'
/usr/bin/cmake -E cmake_progress_report /home/truman/Dropbox/Courses/DS_CS166/project/code/cpp-btree-1.0.1/CMakeFiles/CMakeTmp/CMakeFiles 1
Building C object CMakeFiles/cmTryCompileExec271003150.dir/CheckIncludeFile.c.o
/usr/bin/cc    -o CMakeFiles/cmTryCompileExec271003150.dir/CheckIncludeFile.c.o   -c /home/truman/Dropbox/Courses/DS_CS166/project/code/cpp-btree-1.0.1/CMakeFiles/CMakeTmp/CheckIncludeFile.c
Linking C executable cmTryCompileExec271003150
/usr/bin/cmake -E cmake_link_script CMakeFiles/cmTryCompileExec271003150.dir/link.txt --verbose=1
/usr/bin/cc       CMakeFiles/cmTryCompileExec271003150.dir/CheckIncludeFile.c.o  -o cmTryCompileExec271003150 -rdynamic 
make[2]: Leaving directory `/home/truman/Dropbox/Courses/DS_CS166/project/code/cpp-btree-1.0.1/CMakeFiles/CMakeTmp'
make[1]: Leaving directory `/home/truman/Dropbox/Courses/DS_CS166/project/code/cpp-btree-1.0.1/CMakeFiles/CMakeTmp'


Determining size of uint32_t passed with the following output:
Change Dir: /home/truman/Dropbox/Courses/DS_CS166/project/code/cpp-btree-1.0.1/CMakeFiles/CMakeTmp

Run Build Command:/usr/bin/make "cmTryCompileExec1935722794/fast"
make[1]: Entering directory `/home/truman/Dropbox/Courses/DS_CS166/project/code/cpp-btree-1.0.1/CMakeFiles/CMakeTmp'
/usr/bin/make -f CMakeFiles/cmTryCompileExec1935722794.dir/build.make CMakeFiles/cmTryCompileExec1935722794.dir/build
make[2]: Entering directory `/home/truman/Dropbox/Courses/DS_CS166/project/code/cpp-btree-1.0.1/CMakeFiles/CMakeTmp'
/usr/bin/cmake -E cmake_progress_report /home/truman/Dropbox/Courses/DS_CS166/project/code/cpp-btree-1.0.1/CMakeFiles/CMakeTmp/CMakeFiles 1
Building C object CMakeFiles/cmTryCompileExec1935722794.dir/uint32_t.c.o
/usr/bin/cc    -o CMakeFiles/cmTryCompileExec1935722794.dir/uint32_t.c.o   -c /home/truman/Dropbox/Courses/DS_CS166/project/code/cpp-btree-1.0.1/CMakeFiles/CheckTypeSize/uint32_t.c
Linking C executable cmTryCompileExec1935722794
/usr/bin/cmake -E cmake_link_script CMakeFiles/cmTryCompileExec1935722794.dir/link.txt --verbose=1
/usr/bin/cc       CMakeFiles/cmTryCompileExec1935722794.dir/uint32_t.c.o  -o cmTryCompileExec1935722794 -rdynamic 
make[2]: Leaving directory `/home/truman/Dropbox/Courses/DS_CS166/project/code/cpp-btree-1.0.1/CMakeFiles/CMakeTmp'
make[1]: Leaving directory `/home/truman/Dropbox/Courses/DS_CS166/project/code/cpp-btree-1.0.1/CMakeFiles/CMakeTmp'


Determining if the strtoll exist passed with the following output:
Change Dir: /home/truman/Dropbox/Courses/DS_CS166/project/code/cpp-btree-1.0.1/CMakeFiles/CMakeTmp

Run Build Command:/usr/bin/make "cmTryCompileExec2759550319/fast"
make[1]: Entering directory `/home/truman/Dropbox/Courses/DS_CS166/project/code/cpp-btree-1.0.1/CMakeFiles/CMakeTmp'
/usr/bin/make -f CMakeFiles/cmTryCompileExec2759550319.dir/build.make CMakeFiles/cmTryCompileExec2759550319.dir/build
make[2]: Entering directory `/home/truman/Dropbox/Courses/DS_CS166/project/code/cpp-btree-1.0.1/CMakeFiles/CMakeTmp'
/usr/bin/cmake -E cmake_progress_report /home/truman/Dropbox/Courses/DS_CS166/project/code/cpp-btree-1.0.1/CMakeFiles/CMakeTmp/CMakeFiles 1
Building CXX object CMakeFiles/cmTryCompileExec2759550319.dir/CheckSymbolExists.cxx.o
/usr/bin/c++    -g -O2    -o CMakeFiles/cmTryCompileExec2759550319.dir/CheckSymbolExists.cxx.o -c /home/truman/Dropbox/Courses/DS_CS166/project/code/cpp-btree-1.0.1/CMakeFiles/CMakeTmp/CheckSymbolExists.cxx
Linking CXX executable cmTryCompileExec2759550319
/usr/bin/cmake -E cmake_link_script CMakeFiles/cmTryCompileExec2759550319.dir/link.txt --verbose=1
/usr/bin/c++   -g -O2     CMakeFiles/cmTryCompileExec2759550319.dir/CheckSymbolExists.cxx.o  -o cmTryCompileExec2759550319 -rdynamic 
make[2]: Leaving directory `/home/truman/Dropbox/Courses/DS_CS166/project/code/cpp-btree-1.0.1/CMakeFiles/CMakeTmp'
make[1]: Leaving directory `/home/truman/Dropbox/Courses/DS_CS166/project/code/cpp-btree-1.0.1/CMakeFiles/CMakeTmp'

File /home/truman/Dropbox/Courses/DS_CS166/project/code/cpp-btree-1.0.1/CMakeFiles/CMakeTmp/CheckSymbolExists.cxx:
/* */
#include <stdlib.h>

int main(int argc, char** argv)
{
  (void)argv;
#ifndef strtoll
  return ((int*)(&strtoll))[argc];
#else
  (void)argc;
  return 0;
#endif
}

Determining if files pthread.h exist passed with the following output:
Change Dir: /home/truman/Dropbox/Courses/DS_CS166/project/code/cpp-btree-1.0.1/CMakeFiles/CMakeTmp

Run Build Command:/usr/bin/make "cmTryCompileExec3145583092/fast"
make[1]: Entering directory `/home/truman/Dropbox/Courses/DS_CS166/project/code/cpp-btree-1.0.1/CMakeFiles/CMakeTmp'
/usr/bin/make -f CMakeFiles/cmTryCompileExec3145583092.dir/build.make CMakeFiles/cmTryCompileExec3145583092.dir/build
make[2]: Entering directory `/home/truman/Dropbox/Courses/DS_CS166/project/code/cpp-btree-1.0.1/CMakeFiles/CMakeTmp'
/usr/bin/cmake -E cmake_progress_report /home/truman/Dropbox/Courses/DS_CS166/project/code/cpp-btree-1.0.1/CMakeFiles/CMakeTmp/CMakeFiles 1
Building C object CMakeFiles/cmTryCompileExec3145583092.dir/CheckIncludeFiles.c.o
/usr/bin/cc    -o CMakeFiles/cmTryCompileExec3145583092.dir/CheckIncludeFiles.c.o   -c /home/truman/Dropbox/Courses/DS_CS166/project/code/cpp-btree-1.0.1/CMakeFiles/CMakeTmp/CheckIncludeFiles.c
Linking C executable cmTryCompileExec3145583092
/usr/bin/cmake -E cmake_link_script CMakeFiles/cmTryCompileExec3145583092.dir/link.txt --verbose=1
/usr/bin/cc       CMakeFiles/cmTryCompileExec3145583092.dir/CheckIncludeFiles.c.o  -o cmTryCompileExec3145583092 -rdynamic 
make[2]: Leaving directory `/home/truman/Dropbox/Courses/DS_CS166/project/code/cpp-btree-1.0.1/CMakeFiles/CMakeTmp'
make[1]: Leaving directory `/home/truman/Dropbox/Courses/DS_CS166/project/code/cpp-btree-1.0.1/CMakeFiles/CMakeTmp'


Determining if the function pthread_create exists in the pthread passed with the following output:
Change Dir: /home/truman/Dropbox/Courses/DS_CS166/project/code/cpp-btree-1.0.1/CMakeFiles/CMakeTmp

Run Build Command:/usr/bin/make "cmTryCompileExec1898694343/fast"
make[1]: Entering directory `/home/truman/Dropbox/Courses/DS_CS166/project/code/cpp-btree-1.0.1/CMakeFiles/CMakeTmp'
/usr/bin/make -f CMakeFiles/cmTryCompileExec1898694343.dir/build.make CMakeFiles/cmTryCompileExec1898694343.dir/build
make[2]: Entering directory `/home/truman/Dropbox/Courses/DS_CS166/project/code/cpp-btree-1.0.1/CMakeFiles/CMakeTmp'
/usr/bin/cmake -E cmake_progress_report /home/truman/Dropbox/Courses/DS_CS166/project/code/cpp-btree-1.0.1/CMakeFiles/CMakeTmp/CMakeFiles 1
Building C object CMakeFiles/cmTryCompileExec1898694343.dir/CheckFunctionExists.c.o
/usr/bin/cc   -DCHECK_FUNCTION_EXISTS=pthread_create   -o CMakeFiles/cmTryCompileExec1898694343.dir/CheckFunctionExists.c.o   -c /usr/share/cmake-2.8/Modules/CheckFunctionExists.c
Linking C executable cmTryCompileExec1898694343
/usr/bin/cmake -E cmake_link_script CMakeFiles/cmTryCompileExec1898694343.dir/link.txt --verbose=1
/usr/bin/cc   -DCHECK_FUNCTION_EXISTS=pthread_create    CMakeFiles/cmTryCompileExec1898694343.dir/CheckFunctionExists.c.o  -o cmTryCompileExec1898694343 -rdynamic -lpthread 
make[2]: Leaving directory `/home/truman/Dropbox/Courses/DS_CS166/project/code/cpp-btree-1.0.1/CMakeFiles/CMakeTmp'
make[1]: Leaving directory `/home/truman/Dropbox/Courses/DS_CS166/project/code/cpp-btree-1.0.1/CMakeFiles/CMakeTmp'


Determining size of pthread_rwlock_t passed with the following output:
Change Dir: /home/truman/Dropbox/Courses/DS_CS166/project/code/cpp-btree-1.0.1/CMakeFiles/CMakeTmp

Run Build Command:/usr/bin/make "cmTryCompileExec381524783/fast"
make[1]: Entering directory `/home/truman/Dropbox/Courses/DS_CS166/project/code/cpp-btree-1.0.1/CMakeFiles/CMakeTmp'
/usr/bin/make -f CMakeFiles/cmTryCompileExec381524783.dir/build.make CMakeFiles/cmTryCompileExec381524783.dir/build
make[2]: Entering directory `/home/truman/Dropbox/Courses/DS_CS166/project/code/cpp-btree-1.0.1/CMakeFiles/CMakeTmp'
/usr/bin/cmake -E cmake_progress_report /home/truman/Dropbox/Courses/DS_CS166/project/code/cpp-btree-1.0.1/CMakeFiles/CMakeTmp/CMakeFiles 1
Building C object CMakeFiles/cmTryCompileExec381524783.dir/RWLOCK.c.o
/usr/bin/cc    -o CMakeFiles/cmTryCompileExec381524783.dir/RWLOCK.c.o   -c /home/truman/Dropbox/Courses/DS_CS166/project/code/cpp-btree-1.0.1/CMakeFiles/CheckTypeSize/RWLOCK.c
Linking C executable cmTryCompileExec381524783
/usr/bin/cmake -E cmake_link_script CMakeFiles/cmTryCompileExec381524783.dir/link.txt --verbose=1
/usr/bin/cc       CMakeFiles/cmTryCompileExec381524783.dir/RWLOCK.c.o  -o cmTryCompileExec381524783 -rdynamic 
make[2]: Leaving directory `/home/truman/Dropbox/Courses/DS_CS166/project/code/cpp-btree-1.0.1/CMakeFiles/CMakeTmp'
make[1]: Leaving directory `/home/truman/Dropbox/Courses/DS_CS166/project/code/cpp-btree-1.0.1/CMakeFiles/CMakeTmp'


